Arguments: 
  D:\nodejs\node.exe D:\nodejs\node_modules\yarn\bin\yarn.js

PATH: 
  C:\Program Files\Common Files\Oracle\Java\javapath;C:\Windows\System32;C:\Windows;C:\Windows\System32\wbem;C:\Windows\System32\WindowsPowerShell\v1.0\;C:\Windows\System32\OpenSSH\;C:\Program Files (x86)\Intel\Intel(R) Management Engine Components\DAL;C:\Program Files\Intel\Intel(R) Management Engine Components\DAL;D:\Program Files\Git\cmd;C:\WINDOWS\system32;C:\WINDOWS;C:\WINDOWS\System32\Wbem;C:\WINDOWS\System32\WindowsPowerShell\v1.0\;C:\WINDOWS\System32\OpenSSH\;D:\nvm;D:\nodejs;C:\Program Files\dotnet\;C:\Users\91579\AppData\Local\Microsoft\WindowsApps;D:\worktools\Microsoft VS Code\bin;C:\Users\91579\AppData\Roaming\npm;D:\Program Files\JetBrains\WebStorm 2021.2\bin;;D:\nvm;D:\nodejs;;D:\Program Files\Huawei\DevEco Studio 3.0.0.800\bin;

Yarn version: 
  1.22.17

Node version: 
  14.17.6

Platform: 
  win32 x64

Trace: 
  Error: test:e2e: Invalid protocol: test:
      at Request.module.exports.Request.init (D:\nvm\v14.17.6\node_modules\yarn\lib\cli.js:141152:31)
      at new Request (D:\nvm\v14.17.6\node_modules\yarn\lib\cli.js:140825:8)
      at request (D:\nvm\v14.17.6\node_modules\yarn\lib\cli.js:137731:10)
      at RequestManager.execute (D:\nvm\v14.17.6\node_modules\yarn\lib\cli.js:67081:15)
      at RequestManager.shiftQueue (D:\nvm\v14.17.6\node_modules\yarn\lib\cli.js:67119:10)
      at D:\nvm\v14.17.6\node_modules\yarn\lib\cli.js:66788:13
      at new Promise (<anonymous>)
      at new F (D:\nvm\v14.17.6\node_modules\yarn\lib\cli.js:5301:28)
      at RequestManager.request (D:\nvm\v14.17.6\node_modules\yarn\lib\cli.js:66786:19)
      at NpmRegistry.<anonymous> (D:\nvm\v14.17.6\node_modules\yarn\lib\cli.js:31747:42)

npm manifest: 
  {
    "name": "vue-i18n-e2e",
    "version": "1.0.0",
    "description": "",
    "main": "jest-e2e-environment.js",
    "directories": {
      "example": "examples"
    },
    "scripts": {
      "test": "echo \"Error: no test specified\" && exit 1"
    },
    "author": "",
    "license": "ISC",
    "dependencies": {
      "vue-i18n": "^9.1.9",
      "test:e2e": "jest --runInBand --config ./jest.e2e.config.js"
    }
  }

yarn manifest: 
  No manifest

Lockfile: 
  No lockfile
