Arguments: 
  D:\nodejs\node.exe D:\nodejs\node_modules\yarn\bin\yarn.js

PATH: 
  C:\Program Files\Common Files\Oracle\Java\javapath;C:\Windows\System32;C:\Windows;C:\Windows\System32\wbem;C:\Windows\System32\WindowsPowerShell\v1.0\;C:\Windows\System32\OpenSSH\;C:\Program Files (x86)\Intel\Intel(R) Management Engine Components\DAL;C:\Program Files\Intel\Intel(R) Management Engine Components\DAL;D:\Program Files\Git\cmd;C:\WINDOWS\system32;C:\WINDOWS;C:\WINDOWS\System32\Wbem;C:\WINDOWS\System32\WindowsPowerShell\v1.0\;C:\WINDOWS\System32\OpenSSH\;D:\nvm;D:\nodejs;C:\Program Files\dotnet\;C:\Users\91579\AppData\Local\Microsoft\WindowsApps;D:\worktools\Microsoft VS Code\bin;C:\Users\91579\AppData\Roaming\npm;D:\Program Files\JetBrains\WebStorm 2021.2\bin;;D:\nvm;D:\nodejs;;D:\Program Files\Huawei\DevEco Studio 3.0.0.800\bin;

Yarn version: 
  1.22.17

Node version: 
  14.17.6

Platform: 
  win32 x64

Trace: 
  Error: connect ETIMEDOUT 104.16.17.35:443
      at TCPConnectWrap.afterConnect [as oncomplete] (net.js:1148:16)

npm manifest: 
  {
    "name": "e2e",
    "version": "1.0.0",
    "main": "browserstack-send-status.js",
    "scripts": {
      "test": "echo \"Error: no test specified\" && exit 1"
    },
    "author": "",
    "license": "ISC",
    "description": "",
    "dependencies":{
      "chromedriver": "^99",
      "dotenv": "^16.0.0",
      "nightwatch": "^1.7.11",
      "nightwatch-helps": "^1.2.0",
      "connect-history-api-fallback": "^1.6.0",
      "@vitejs/plugin-vue": "^2.2.2",
    }
  }

yarn manifest: 
  No manifest

Lockfile: 
  No lockfile
